{"/Users/TannerSeramur/CodeFellows/401/labs/06-event-driven-apps/events.js": {"path":"/Users/TannerSeramur/CodeFellows/401/labs/06-event-driven-apps/events.js","statementMap":{"0":{"start":{"line":3,"column":21},"end":{"line":3,"column":38}},"1":{"start":{"line":5,"column":14},"end":{"line":5,"column":32}},"2":{"start":{"line":6,"column":14},"end":{"line":6,"column":32}},"3":{"start":{"line":8,"column":0},"end":{"line":8,"column":32}}},"fnMap":{},"branchMap":{},"s":{"0":1,"1":1,"2":1,"3":1},"f":{},"b":{},"_coverageSchema":"332fd63041d2c1bcb487cc26dd0d5f7d97098a6c","hash":"f274552af676a6072f87dc362ca1b11d7605e3ce"}
,"/Users/TannerSeramur/CodeFellows/401/labs/06-event-driven-apps/file-writer.js": {"path":"/Users/TannerSeramur/CodeFellows/401/labs/06-event-driven-apps/file-writer.js","statementMap":{"0":{"start":{"line":3,"column":13},"end":{"line":3,"column":28}},"1":{"start":{"line":4,"column":11},"end":{"line":4,"column":24}},"2":{"start":{"line":5,"column":22},"end":{"line":5,"column":41}},"3":{"start":{"line":6,"column":15},"end":{"line":6,"column":34}},"4":{"start":{"line":8,"column":17},"end":{"line":8,"column":44}},"5":{"start":{"line":10,"column":20},"end":{"line":18,"column":3}},"6":{"start":{"line":11,"column":4},"end":{"line":17,"column":47}},"7":{"start":{"line":13,"column":15},"end":{"line":13,"column":44}},"8":{"start":{"line":14,"column":4},"end":{"line":16,"column":7}},"9":{"start":{"line":15,"column":6},"end":{"line":15,"column":31}},"10":{"start":{"line":17,"column":22},"end":{"line":17,"column":45}},"11":{"start":{"line":20,"column":11},"end":{"line":20,"column":40}},"12":{"start":{"line":21,"column":0},"end":{"line":21,"column":16}},"13":{"start":{"line":23,"column":0},"end":{"line":23,"column":27}}},"fnMap":{"0":{"name":"(anonymous_0)","decl":{"start":{"line":10,"column":20},"end":{"line":10,"column":21}},"loc":{"start":{"line":10,"column":30},"end":{"line":18,"column":3}},"line":10},"1":{"name":"(anonymous_1)","decl":{"start":{"line":12,"column":10},"end":{"line":12,"column":11}},"loc":{"start":{"line":12,"column":20},"end":{"line":17,"column":5}},"line":12},"2":{"name":"(anonymous_2)","decl":{"start":{"line":14,"column":43},"end":{"line":14,"column":44}},"loc":{"start":{"line":14,"column":58},"end":{"line":16,"column":5}},"line":14},"3":{"name":"(anonymous_3)","decl":{"start":{"line":17,"column":13},"end":{"line":17,"column":14}},"loc":{"start":{"line":17,"column":22},"end":{"line":17,"column":45}},"line":17}},"branchMap":{},"s":{"0":1,"1":1,"2":1,"3":1,"4":1,"5":1,"6":1,"7":0,"8":0,"9":0,"10":0,"11":1,"12":1,"13":1},"f":{"0":1,"1":0,"2":0,"3":0},"b":{},"_coverageSchema":"332fd63041d2c1bcb487cc26dd0d5f7d97098a6c","hash":"01c43869537e5c524a1aaccd081da340e2e67be5"}
,"/Users/TannerSeramur/CodeFellows/401/labs/06-event-driven-apps/logger.js": {"path":"/Users/TannerSeramur/CodeFellows/401/labs/06-event-driven-apps/logger.js","statementMap":{"0":{"start":{"line":2,"column":22},"end":{"line":2,"column":41}},"1":{"start":{"line":4,"column":0},"end":{"line":4,"column":26}},"2":{"start":{"line":7,"column":0},"end":{"line":7,"column":26}},"3":{"start":{"line":10,"column":4},"end":{"line":10,"column":33}},"4":{"start":{"line":11,"column":4},"end":{"line":11,"column":19}},"5":{"start":{"line":14,"column":4},"end":{"line":14,"column":53}},"6":{"start":{"line":17,"column":0},"end":{"line":17,"column":32}}},"fnMap":{"0":{"name":"savedd","decl":{"start":{"line":9,"column":11},"end":{"line":9,"column":17}},"loc":{"start":{"line":9,"column":23},"end":{"line":12,"column":3}},"line":9},"1":{"name":"errorr","decl":{"start":{"line":13,"column":11},"end":{"line":13,"column":17}},"loc":{"start":{"line":13,"column":22},"end":{"line":15,"column":3}},"line":13}},"branchMap":{},"s":{"0":1,"1":1,"2":1,"3":0,"4":0,"5":0,"6":1},"f":{"0":0,"1":0},"b":{},"_coverageSchema":"332fd63041d2c1bcb487cc26dd0d5f7d97098a6c","hash":"da4a099f1d2610c8131fd2de60517e0c659034f0"}
}
