TN:
SF:/Users/TannerSeramur/CodeFellows/401/labs/06-event-driven-apps/events.js
FNF:0
FNH:0
DA:3,1
DA:5,1
DA:6,1
DA:8,1
LF:4
LH:4
BRF:0
BRH:0
end_of_record
TN:
SF:/Users/TannerSeramur/CodeFellows/401/labs/06-event-driven-apps/file-writer.js
FN:10,(anonymous_0)
FN:12,(anonymous_1)
FN:14,(anonymous_2)
FN:17,(anonymous_3)
FNF:4
FNH:1
FNDA:1,(anonymous_0)
FNDA:0,(anonymous_1)
FNDA:0,(anonymous_2)
FNDA:0,(anonymous_3)
DA:3,1
DA:4,1
DA:5,1
DA:6,1
DA:8,1
DA:10,1
DA:11,1
DA:13,0
DA:14,0
DA:15,0
DA:17,0
DA:20,1
DA:21,1
DA:23,1
LF:14
LH:10
BRF:0
BRH:0
end_of_record
TN:
SF:/Users/TannerSeramur/CodeFellows/401/labs/06-event-driven-apps/logger.js
FN:19,(anonymous_0)
FN:25,(anonymous_1)
FNF:2
FNH:1
FNDA:2,(anonymous_0)
FNDA:0,(anonymous_1)
DA:2,1
DA:4,1
DA:19,1
DA:20,2
DA:21,1
DA:25,1
DA:26,0
DA:27,0
DA:31,1
DA:32,1
LF:10
LH:8
BRDA:20,0,0,1
BRDA:20,0,1,1
BRDA:26,1,0,0
BRDA:26,1,1,0
BRF:4
BRH:2
end_of_record
